mode: set
github.com/concord-chat/concord/internal/observability/health.go:57.77,66.2 1 1
github.com/concord-chat/concord/internal/observability/health.go:70.72,78.2 4 1
github.com/concord-chat/concord/internal/observability/health.go:82.55,91.2 5 1
github.com/concord-chat/concord/internal/observability/health.go:95.61,98.37 3 1
github.com/concord-chat/concord/internal/observability/health.go:98.37,100.3 1 1
github.com/concord-chat/concord/internal/observability/health.go:101.2,110.34 6 1
github.com/concord-chat/concord/internal/observability/health.go:110.34,112.43 2 1
github.com/concord-chat/concord/internal/observability/health.go:112.43,116.4 3 1
github.com/concord-chat/concord/internal/observability/health.go:120.2,120.12 1 1
github.com/concord-chat/concord/internal/observability/health.go:120.12,123.3 2 1
github.com/concord-chat/concord/internal/observability/health.go:126.2,126.34 1 1
github.com/concord-chat/concord/internal/observability/health.go:126.34,130.45 2 1
github.com/concord-chat/concord/internal/observability/health.go:130.45,132.4 1 1
github.com/concord-chat/concord/internal/observability/health.go:132.9,132.93 1 1
github.com/concord-chat/concord/internal/observability/health.go:132.93,134.4 1 0
github.com/concord-chat/concord/internal/observability/health.go:138.2,138.26 1 1
github.com/concord-chat/concord/internal/observability/health.go:138.26,140.3 1 1
github.com/concord-chat/concord/internal/observability/health.go:142.2,148.3 1 1
github.com/concord-chat/concord/internal/observability/health.go:152.104,156.48 2 1
github.com/concord-chat/concord/internal/observability/health.go:156.48,158.3 1 1
github.com/concord-chat/concord/internal/observability/health.go:161.2,174.16 6 1
github.com/concord-chat/concord/internal/observability/health.go:174.16,182.3 3 1
github.com/concord-chat/concord/internal/observability/health.go:182.8,189.3 3 1
github.com/concord-chat/concord/internal/observability/health.go:192.2,194.15 2 1
github.com/concord-chat/concord/internal/observability/health.go:198.79,203.13 4 1
github.com/concord-chat/concord/internal/observability/health.go:203.13,205.3 1 1
github.com/concord-chat/concord/internal/observability/health.go:208.2,208.48 1 1
github.com/concord-chat/concord/internal/observability/health.go:208.48,210.3 1 1
github.com/concord-chat/concord/internal/observability/health.go:212.2,212.21 1 1
github.com/concord-chat/concord/internal/observability/health.go:216.75,221.2 3 1
github.com/concord-chat/concord/internal/observability/health.go:224.35,226.2 1 1
github.com/concord-chat/concord/internal/observability/health.go:229.36,231.2 1 1
github.com/concord-chat/concord/internal/observability/health.go:234.37,236.2 1 1
github.com/concord-chat/concord/internal/observability/health.go:239.52,241.44 2 1
github.com/concord-chat/concord/internal/observability/health.go:241.44,242.48 1 1
github.com/concord-chat/concord/internal/observability/health.go:242.48,244.4 1 1
github.com/concord-chat/concord/internal/observability/health.go:246.2,246.18 1 1
github.com/concord-chat/concord/internal/observability/health.go:250.51,252.44 2 1
github.com/concord-chat/concord/internal/observability/health.go:252.44,253.47 1 1
github.com/concord-chat/concord/internal/observability/health.go:253.47,255.4 1 1
github.com/concord-chat/concord/internal/observability/health.go:257.2,257.17 1 1
github.com/concord-chat/concord/internal/observability/health.go:263.80,264.41 1 1
github.com/concord-chat/concord/internal/observability/health.go:264.41,265.39 1 1
github.com/concord-chat/concord/internal/observability/health.go:265.39,267.4 1 1
github.com/concord-chat/concord/internal/observability/health.go:268.3,268.13 1 1
github.com/concord-chat/concord/internal/observability/health.go:273.77,274.41 1 1
github.com/concord-chat/concord/internal/observability/health.go:274.41,275.39 1 1
github.com/concord-chat/concord/internal/observability/health.go:275.39,277.4 1 1
github.com/concord-chat/concord/internal/observability/health.go:278.3,278.13 1 1
github.com/concord-chat/concord/internal/observability/health.go:283.62,284.41 1 1
github.com/concord-chat/concord/internal/observability/health.go:284.41,285.38 1 1
github.com/concord-chat/concord/internal/observability/health.go:285.38,287.4 1 1
github.com/concord-chat/concord/internal/observability/health.go:288.3,288.13 1 1
github.com/concord-chat/concord/internal/observability/health.go:293.68,294.41 1 1
github.com/concord-chat/concord/internal/observability/health.go:294.41,295.25 1 1
github.com/concord-chat/concord/internal/observability/health.go:295.25,297.4 1 1
github.com/concord-chat/concord/internal/observability/health.go:298.3,298.13 1 1
github.com/concord-chat/concord/internal/observability/health.go:303.66,304.41 1 1
github.com/concord-chat/concord/internal/observability/health.go:304.41,305.38 1 1
github.com/concord-chat/concord/internal/observability/health.go:305.38,307.4 1 1
github.com/concord-chat/concord/internal/observability/health.go:308.3,308.13 1 1
github.com/concord-chat/concord/internal/observability/health.go:313.72,314.41 1 0
github.com/concord-chat/concord/internal/observability/health.go:314.41,316.17 2 0
github.com/concord-chat/concord/internal/observability/health.go:316.17,318.4 1 0
github.com/concord-chat/concord/internal/observability/health.go:320.3,320.31 1 0
github.com/concord-chat/concord/internal/observability/health.go:320.31,322.4 1 0
github.com/concord-chat/concord/internal/observability/health.go:324.3,324.13 1 0
github.com/concord-chat/concord/internal/observability/health.go:329.59,330.41 1 1
github.com/concord-chat/concord/internal/observability/health.go:330.41,334.38 2 1
github.com/concord-chat/concord/internal/observability/health.go:334.38,336.4 1 1
github.com/concord-chat/concord/internal/observability/health.go:339.3,339.38 1 1
github.com/concord-chat/concord/internal/observability/health.go:339.38,341.4 1 0
github.com/concord-chat/concord/internal/observability/health.go:343.3,343.13 1 1
github.com/concord-chat/concord/internal/observability/health_platform_windows.go:14.40,18.2 3 1
github.com/concord-chat/concord/internal/observability/health_platform_windows.go:23.47,32.16 7 0
github.com/concord-chat/concord/internal/observability/health_platform_windows.go:32.16,34.3 1 0
github.com/concord-chat/concord/internal/observability/health_platform_windows.go:36.2,43.14 2 0
github.com/concord-chat/concord/internal/observability/health_platform_windows.go:43.14,45.3 1 0
github.com/concord-chat/concord/internal/observability/health_platform_windows.go:47.2,47.39 1 0
github.com/concord-chat/concord/internal/observability/logger.go:28.49,35.56 4 1
github.com/concord-chat/concord/internal/observability/logger.go:35.56,37.3 1 1
github.com/concord-chat/concord/internal/observability/logger.go:37.8,39.17 2 1
github.com/concord-chat/concord/internal/observability/logger.go:39.17,42.4 1 0
github.com/concord-chat/concord/internal/observability/logger.go:42.9,44.4 1 1
github.com/concord-chat/concord/internal/observability/logger.go:48.2,48.29 1 1
github.com/concord-chat/concord/internal/observability/logger.go:48.29,54.3 1 1
github.com/concord-chat/concord/internal/observability/logger.go:57.2,66.22 2 1
github.com/concord-chat/concord/internal/observability/logger.go:66.22,68.3 1 1
github.com/concord-chat/concord/internal/observability/logger.go:71.2,71.21 1 1
github.com/concord-chat/concord/internal/observability/logger.go:71.21,73.3 1 1
github.com/concord-chat/concord/internal/observability/logger.go:75.2,75.15 1 1
github.com/concord-chat/concord/internal/observability/logger.go:80.49,83.47 2 1
github.com/concord-chat/concord/internal/observability/logger.go:83.47,85.3 1 0
github.com/concord-chat/concord/internal/observability/logger.go:88.2,89.16 2 1
github.com/concord-chat/concord/internal/observability/logger.go:89.16,91.3 1 0
github.com/concord-chat/concord/internal/observability/logger.go:93.2,93.18 1 1
github.com/concord-chat/concord/internal/observability/logger.go:98.36,100.2 1 1
github.com/concord-chat/concord/internal/observability/logger.go:104.53,110.2 1 1
github.com/concord-chat/concord/internal/observability/logger.go:118.67,120.2 1 1
github.com/concord-chat/concord/internal/observability/logger.go:123.87,125.27 2 1
github.com/concord-chat/concord/internal/observability/logger.go:125.27,127.3 1 1
github.com/concord-chat/concord/internal/observability/logger.go:128.2,128.21 1 1
github.com/concord-chat/concord/internal/observability/logger.go:132.70,134.2 1 1
github.com/concord-chat/concord/internal/observability/logger.go:137.76,139.2 1 1
github.com/concord-chat/concord/internal/observability/logger.go:142.74,144.2 1 1
github.com/concord-chat/concord/internal/observability/logger.go:147.70,149.2 1 1
github.com/concord-chat/concord/internal/observability/logger.go:152.70,154.2 1 1
github.com/concord-chat/concord/internal/observability/logger.go:166.41,173.31 2 1
github.com/concord-chat/concord/internal/observability/logger.go:173.31,175.3 1 1
github.com/concord-chat/concord/internal/observability/logger.go:177.2,177.16 1 1
github.com/concord-chat/concord/internal/observability/logger.go:181.50,189.31 2 1
github.com/concord-chat/concord/internal/observability/logger.go:189.31,191.3 1 0
github.com/concord-chat/concord/internal/observability/logger.go:193.2,193.16 1 1
github.com/concord-chat/concord/internal/observability/logger.go:197.41,204.31 2 1
github.com/concord-chat/concord/internal/observability/logger.go:204.31,206.3 1 0
github.com/concord-chat/concord/internal/observability/logger.go:208.2,208.16 1 1
github.com/concord-chat/concord/internal/observability/logger.go:219.81,225.2 1 1
github.com/concord-chat/concord/internal/observability/logger.go:228.33,235.2 2 1
github.com/concord-chat/concord/internal/observability/logger.go:238.51,246.2 2 1
github.com/concord-chat/concord/internal/observability/logger.go:249.70,256.24 3 1
github.com/concord-chat/concord/internal/observability/logger.go:256.24,258.3 1 1
github.com/concord-chat/concord/internal/observability/logger.go:260.2,260.34 1 1
github.com/concord-chat/concord/internal/observability/logger.go:265.73,277.25 3 1
github.com/concord-chat/concord/internal/observability/logger.go:277.25,278.23 1 1
github.com/concord-chat/concord/internal/observability/logger.go:278.23,280.4 1 1
github.com/concord-chat/concord/internal/observability/logger.go:280.9,282.4 1 1
github.com/concord-chat/concord/internal/observability/logger.go:285.2,285.18 1 1
github.com/concord-chat/concord/internal/observability/metrics.go:72.28,399.2 2 1
github.com/concord-chat/concord/internal/config/config.go:213.47,218.22 2 1
github.com/concord-chat/concord/internal/config/config.go:218.22,219.54 1 1
github.com/concord-chat/concord/internal/config/config.go:219.54,221.38 1 1
github.com/concord-chat/concord/internal/config/config.go:221.38,222.48 1 1
github.com/concord-chat/concord/internal/config/config.go:222.48,224.6 1 0
github.com/concord-chat/concord/internal/config/config.go:225.10,227.5 1 0
github.com/concord-chat/concord/internal/config/config.go:232.2,235.39 2 1
github.com/concord-chat/concord/internal/config/config.go:235.39,237.3 1 0
github.com/concord-chat/concord/internal/config/config.go:239.2,239.17 1 1
github.com/concord-chat/concord/internal/config/config.go:243.50,245.16 2 1
github.com/concord-chat/concord/internal/config/config.go:245.16,247.3 1 1
github.com/concord-chat/concord/internal/config/config.go:249.2,249.48 1 1
github.com/concord-chat/concord/internal/config/config.go:249.48,251.3 1 0
github.com/concord-chat/concord/internal/config/config.go:253.2,253.12 1 1
github.com/concord-chat/concord/internal/config/config.go:257.32,259.44 1 1
github.com/concord-chat/concord/internal/config/config.go:259.44,261.3 1 1
github.com/concord-chat/concord/internal/config/config.go:262.2,262.49 1 1
github.com/concord-chat/concord/internal/config/config.go:262.49,264.3 1 0
github.com/concord-chat/concord/internal/config/config.go:267.2,267.48 1 1
github.com/concord-chat/concord/internal/config/config.go:267.48,269.3 1 0
github.com/concord-chat/concord/internal/config/config.go:270.2,270.46 1 1
github.com/concord-chat/concord/internal/config/config.go:270.46,272.3 1 0
github.com/concord-chat/concord/internal/config/config.go:273.2,273.50 1 1
github.com/concord-chat/concord/internal/config/config.go:273.50,275.3 1 0
github.com/concord-chat/concord/internal/config/config.go:278.2,278.52 1 1
github.com/concord-chat/concord/internal/config/config.go:278.52,280.3 1 1
github.com/concord-chat/concord/internal/config/config.go:283.2,283.51 1 1
github.com/concord-chat/concord/internal/config/config.go:283.51,285.3 1 0
github.com/concord-chat/concord/internal/config/config.go:288.2,288.48 1 1
github.com/concord-chat/concord/internal/config/config.go:288.48,290.3 1 0
github.com/concord-chat/concord/internal/config/config.go:291.2,291.52 1 1
github.com/concord-chat/concord/internal/config/config.go:291.52,293.3 1 0
github.com/concord-chat/concord/internal/config/config.go:296.2,296.43 1 1
github.com/concord-chat/concord/internal/config/config.go:296.43,298.3 1 0
github.com/concord-chat/concord/internal/config/config.go:299.2,299.47 1 1
github.com/concord-chat/concord/internal/config/config.go:299.47,301.3 1 0
github.com/concord-chat/concord/internal/config/config.go:304.2,304.42 1 1
github.com/concord-chat/concord/internal/config/config.go:304.42,306.3 1 1
github.com/concord-chat/concord/internal/config/config.go:310.42,313.47 2 1
github.com/concord-chat/concord/internal/config/config.go:313.47,315.3 1 0
github.com/concord-chat/concord/internal/config/config.go:317.2,318.16 2 1
github.com/concord-chat/concord/internal/config/config.go:318.16,320.3 1 0
github.com/concord-chat/concord/internal/config/config.go:322.2,322.55 1 1
github.com/concord-chat/concord/internal/config/config.go:322.55,324.3 1 0
github.com/concord-chat/concord/internal/config/config.go:326.2,326.12 1 1
github.com/concord-chat/concord/internal/config/config.go:330.35,332.22 1 1
github.com/concord-chat/concord/internal/config/config.go:332.22,334.3 1 1
github.com/concord-chat/concord/internal/config/config.go:335.2,335.103 1 1
github.com/concord-chat/concord/internal/config/config.go:335.103,337.3 1 1
github.com/concord-chat/concord/internal/config/config.go:340.2,340.34 1 1
github.com/concord-chat/concord/internal/config/config.go:340.34,342.3 1 0
github.com/concord-chat/concord/internal/config/config.go:345.2,345.48 1 1
github.com/concord-chat/concord/internal/config/config.go:345.48,347.3 1 1
github.com/concord-chat/concord/internal/config/config.go:350.2,350.29 1 1
github.com/concord-chat/concord/internal/config/config.go:350.29,352.3 1 1
github.com/concord-chat/concord/internal/config/config.go:353.2,353.26 1 1
github.com/concord-chat/concord/internal/config/config.go:353.26,355.3 1 0
github.com/concord-chat/concord/internal/config/config.go:358.2,359.35 2 1
github.com/concord-chat/concord/internal/config/config.go:359.35,361.3 1 1
github.com/concord-chat/concord/internal/config/config.go:364.2,364.73 1 1
github.com/concord-chat/concord/internal/config/config.go:364.73,366.3 1 1
github.com/concord-chat/concord/internal/config/config.go:368.2,368.12 1 1
github.com/concord-chat/concord/internal/config/config.go:372.46,373.25 1 1
github.com/concord-chat/concord/internal/config/config.go:374.15,375.28 1 1
github.com/concord-chat/concord/internal/config/config.go:376.14,377.27 1 1
github.com/concord-chat/concord/internal/config/config.go:378.14,379.27 1 1
github.com/concord-chat/concord/internal/config/config.go:380.15,381.28 1 1
github.com/concord-chat/concord/internal/config/config.go:382.15,383.28 1 1
github.com/concord-chat/concord/internal/config/config.go:384.10,385.27 1 1
github.com/concord-chat/concord/internal/config/config.go:390.38,392.2 1 1
github.com/concord-chat/concord/internal/config/config.go:395.39,397.2 1 1
github.com/concord-chat/concord/internal/config/config.go:400.42,410.2 1 1
github.com/concord-chat/concord/internal/config/config.go:413.39,415.2 1 1
github.com/concord-chat/concord/internal/config/defaults.go:11.24,159.2 3 1
github.com/concord-chat/concord/internal/config/defaults.go:162.33,165.22 2 1
github.com/concord-chat/concord/internal/config/defaults.go:166.17,168.20 2 1
github.com/concord-chat/concord/internal/config/defaults.go:168.20,170.4 1 0
github.com/concord-chat/concord/internal/config/defaults.go:171.16,172.79 1 0
github.com/concord-chat/concord/internal/config/defaults.go:173.10,175.20 2 0
github.com/concord-chat/concord/internal/config/defaults.go:175.20,177.4 1 0
github.com/concord-chat/concord/internal/config/defaults.go:180.2,180.42 1 1
github.com/concord-chat/concord/internal/config/defaults.go:184.35,187.22 2 1
github.com/concord-chat/concord/internal/config/defaults.go:188.17,190.20 2 1
github.com/concord-chat/concord/internal/config/defaults.go:190.20,192.4 1 0
github.com/concord-chat/concord/internal/config/defaults.go:193.16,194.79 1 0
github.com/concord-chat/concord/internal/config/defaults.go:195.10,197.20 2 0
github.com/concord-chat/concord/internal/config/defaults.go:197.20,199.4 1 0
github.com/concord-chat/concord/internal/config/defaults.go:202.2,202.42 1 1
github.com/concord-chat/concord/internal/config/defaults.go:207.40,210.2 1 1
github.com/concord-chat/concord/internal/store/sqlite/migrations.go:33.59,38.2 1 1
github.com/concord-chat/concord/internal/store/sqlite/migrations.go:42.55,46.53 2 1
github.com/concord-chat/concord/internal/store/sqlite/migrations.go:46.53,48.3 1 0
github.com/concord-chat/concord/internal/store/sqlite/migrations.go:51.2,52.16 2 1
github.com/concord-chat/concord/internal/store/sqlite/migrations.go:52.16,54.3 1 0
github.com/concord-chat/concord/internal/store/sqlite/migrations.go:57.2,58.16 2 1
github.com/concord-chat/concord/internal/store/sqlite/migrations.go:58.16,60.3 1 0
github.com/concord-chat/concord/internal/store/sqlite/migrations.go:63.2,65.23 2 1
github.com/concord-chat/concord/internal/store/sqlite/migrations.go:65.23,68.3 2 1
github.com/concord-chat/concord/internal/store/sqlite/migrations.go:70.2,75.36 2 1
github.com/concord-chat/concord/internal/store/sqlite/migrations.go:75.36,76.58 1 1
github.com/concord-chat/concord/internal/store/sqlite/migrations.go:76.58,78.4 1 0
github.com/concord-chat/concord/internal/store/sqlite/migrations.go:81.2,85.12 2 1
github.com/concord-chat/concord/internal/store/sqlite/migrations.go:89.56,94.16 3 0
github.com/concord-chat/concord/internal/store/sqlite/migrations.go:94.16,96.3 1 0
github.com/concord-chat/concord/internal/store/sqlite/migrations.go:98.2,98.23 1 0
github.com/concord-chat/concord/internal/store/sqlite/migrations.go:98.23,101.3 2 0
github.com/concord-chat/concord/internal/store/sqlite/migrations.go:104.2,108.79 3 0
github.com/concord-chat/concord/internal/store/sqlite/migrations.go:108.79,110.3 1 0
github.com/concord-chat/concord/internal/store/sqlite/migrations.go:112.2,117.12 2 0
github.com/concord-chat/concord/internal/store/sqlite/migrations.go:121.69,123.53 1 1
github.com/concord-chat/concord/internal/store/sqlite/migrations.go:123.53,125.3 1 0
github.com/concord-chat/concord/internal/store/sqlite/migrations.go:126.2,126.36 1 1
github.com/concord-chat/concord/internal/store/sqlite/migrations.go:130.69,139.56 2 1
github.com/concord-chat/concord/internal/store/sqlite/migrations.go:139.56,141.3 1 0
github.com/concord-chat/concord/internal/store/sqlite/migrations.go:143.2,143.12 1 1
github.com/concord-chat/concord/internal/store/sqlite/migrations.go:148.83,152.16 3 1
github.com/concord-chat/concord/internal/store/sqlite/migrations.go:152.16,154.3 1 0
github.com/concord-chat/concord/internal/store/sqlite/migrations.go:155.2,158.18 3 1
github.com/concord-chat/concord/internal/store/sqlite/migrations.go:158.18,160.94 2 1
github.com/concord-chat/concord/internal/store/sqlite/migrations.go:160.94,162.4 1 0
github.com/concord-chat/concord/internal/store/sqlite/migrations.go:163.3,163.45 1 1
github.com/concord-chat/concord/internal/store/sqlite/migrations.go:166.2,166.35 1 1
github.com/concord-chat/concord/internal/store/sqlite/migrations.go:166.35,168.3 1 0
github.com/concord-chat/concord/internal/store/sqlite/migrations.go:170.2,170.24 1 1
github.com/concord-chat/concord/internal/store/sqlite/migrations.go:175.58,177.16 2 1
github.com/concord-chat/concord/internal/store/sqlite/migrations.go:177.16,179.3 1 0
github.com/concord-chat/concord/internal/store/sqlite/migrations.go:181.2,183.32 2 1
github.com/concord-chat/concord/internal/store/sqlite/migrations.go:183.32,184.64 1 1
github.com/concord-chat/concord/internal/store/sqlite/migrations.go:184.64,185.12 1 0
github.com/concord-chat/concord/internal/store/sqlite/migrations.go:190.3,191.19 2 1
github.com/concord-chat/concord/internal/store/sqlite/migrations.go:191.19,195.12 2 0
github.com/concord-chat/concord/internal/store/sqlite/migrations.go:200.3,201.17 2 1
github.com/concord-chat/concord/internal/store/sqlite/migrations.go:201.17,203.4 1 0
github.com/concord-chat/concord/internal/store/sqlite/migrations.go:205.3,209.5 1 1
github.com/concord-chat/concord/internal/store/sqlite/migrations.go:213.2,213.45 1 1
github.com/concord-chat/concord/internal/store/sqlite/migrations.go:213.45,215.3 1 0
github.com/concord-chat/concord/internal/store/sqlite/migrations.go:217.2,217.24 1 1
github.com/concord-chat/concord/internal/store/sqlite/migrations.go:222.60,228.21 3 1
github.com/concord-chat/concord/internal/store/sqlite/migrations.go:228.21,230.3 1 1
github.com/concord-chat/concord/internal/store/sqlite/migrations.go:233.2,234.64 2 1
github.com/concord-chat/concord/internal/store/sqlite/migrations.go:234.64,236.3 1 0
github.com/concord-chat/concord/internal/store/sqlite/migrations.go:238.2,238.26 1 1
github.com/concord-chat/concord/internal/store/sqlite/migrations.go:244.82,246.36 2 1
github.com/concord-chat/concord/internal/store/sqlite/migrations.go:246.36,248.3 1 1
github.com/concord-chat/concord/internal/store/sqlite/migrations.go:250.2,251.32 2 1
github.com/concord-chat/concord/internal/store/sqlite/migrations.go:251.32,252.42 1 1
github.com/concord-chat/concord/internal/store/sqlite/migrations.go:252.42,254.4 1 1
github.com/concord-chat/concord/internal/store/sqlite/migrations.go:257.2,257.16 1 1
github.com/concord-chat/concord/internal/store/sqlite/migrations.go:261.83,269.56 3 1
github.com/concord-chat/concord/internal/store/sqlite/migrations.go:269.56,271.63 1 1
github.com/concord-chat/concord/internal/store/sqlite/migrations.go:271.63,273.4 1 0
github.com/concord-chat/concord/internal/store/sqlite/migrations.go:276.3,277.108 2 1
github.com/concord-chat/concord/internal/store/sqlite/migrations.go:277.108,279.4 1 0
github.com/concord-chat/concord/internal/store/sqlite/migrations.go:281.3,281.13 1 1
github.com/concord-chat/concord/internal/store/sqlite/migrations.go:284.2,286.16 2 1
github.com/concord-chat/concord/internal/store/sqlite/migrations.go:286.16,294.3 2 0
github.com/concord-chat/concord/internal/store/sqlite/migrations.go:296.2,302.12 2 1
github.com/concord-chat/concord/internal/store/sqlite/migrations.go:306.53,312.16 4 1
github.com/concord-chat/concord/internal/store/sqlite/migrations.go:312.16,314.3 1 0
github.com/concord-chat/concord/internal/store/sqlite/migrations.go:315.2,318.18 3 1
github.com/concord-chat/concord/internal/store/sqlite/migrations.go:318.18,320.43 2 1
github.com/concord-chat/concord/internal/store/sqlite/migrations.go:320.43,322.4 1 0
github.com/concord-chat/concord/internal/store/sqlite/migrations.go:323.3,323.33 1 1
github.com/concord-chat/concord/internal/store/sqlite/migrations.go:327.2,327.31 1 1
github.com/concord-chat/concord/internal/store/sqlite/migrations.go:327.31,329.61 2 1
github.com/concord-chat/concord/internal/store/sqlite/migrations.go:329.61,331.4 1 0
github.com/concord-chat/concord/internal/store/sqlite/migrations.go:332.3,332.59 1 1
github.com/concord-chat/concord/internal/store/sqlite/migrations.go:335.2,337.12 2 1
github.com/concord-chat/concord/internal/store/sqlite/sqlite.go:34.58,46.16 4 1
github.com/concord-chat/concord/internal/store/sqlite/sqlite.go:46.16,48.3 1 0
github.com/concord-chat/concord/internal/store/sqlite/sqlite.go:51.2,59.46 6 1
github.com/concord-chat/concord/internal/store/sqlite/sqlite.go:59.46,62.3 2 1
github.com/concord-chat/concord/internal/store/sqlite/sqlite.go:64.2,71.45 2 1
github.com/concord-chat/concord/internal/store/sqlite/sqlite.go:71.45,74.3 2 0
github.com/concord-chat/concord/internal/store/sqlite/sqlite.go:76.2,78.16 2 1
github.com/concord-chat/concord/internal/store/sqlite/sqlite.go:82.34,85.25 2 1
github.com/concord-chat/concord/internal/store/sqlite/sqlite.go:85.25,87.3 1 1
github.com/concord-chat/concord/internal/store/sqlite/sqlite.go:89.2,89.12 1 1
github.com/concord-chat/concord/internal/store/sqlite/sqlite.go:93.46,97.17 2 1
github.com/concord-chat/concord/internal/store/sqlite/sqlite.go:97.17,100.3 2 1
github.com/concord-chat/concord/internal/store/sqlite/sqlite.go:100.8,102.3 1 1
github.com/concord-chat/concord/internal/store/sqlite/sqlite.go:105.2,105.21 1 1
github.com/concord-chat/concord/internal/store/sqlite/sqlite.go:105.21,107.3 1 1
github.com/concord-chat/concord/internal/store/sqlite/sqlite.go:110.2,118.33 2 1
github.com/concord-chat/concord/internal/store/sqlite/sqlite.go:118.33,119.49 1 1
github.com/concord-chat/concord/internal/store/sqlite/sqlite.go:119.49,121.4 1 0
github.com/concord-chat/concord/internal/store/sqlite/sqlite.go:122.3,122.64 1 1
github.com/concord-chat/concord/internal/store/sqlite/sqlite.go:125.2,125.12 1 1
github.com/concord-chat/concord/internal/store/sqlite/sqlite.go:129.29,132.2 2 1
github.com/concord-chat/concord/internal/store/sqlite/sqlite.go:135.30,137.2 1 0
github.com/concord-chat/concord/internal/store/sqlite/sqlite.go:140.29,142.2 1 0
github.com/concord-chat/concord/internal/store/sqlite/sqlite.go:146.47,148.2 1 1
github.com/concord-chat/concord/internal/store/sqlite/sqlite.go:151.35,153.2 1 1
github.com/concord-chat/concord/internal/store/sqlite/sqlite.go:156.82,158.2 1 0
github.com/concord-chat/concord/internal/store/sqlite/sqlite.go:161.103,173.2 5 1
github.com/concord-chat/concord/internal/store/sqlite/sqlite.go:176.103,188.2 5 1
github.com/concord-chat/concord/internal/store/sqlite/sqlite.go:191.96,202.2 5 1
github.com/concord-chat/concord/internal/store/sqlite/sqlite.go:205.49,212.16 5 1
github.com/concord-chat/concord/internal/store/sqlite/sqlite.go:212.16,218.3 2 0
github.com/concord-chat/concord/internal/store/sqlite/sqlite.go:220.2,224.12 2 1
github.com/concord-chat/concord/internal/store/sqlite/sqlite.go:228.51,235.16 5 1
github.com/concord-chat/concord/internal/store/sqlite/sqlite.go:235.16,241.3 2 0
github.com/concord-chat/concord/internal/store/sqlite/sqlite.go:243.2,247.12 2 1
github.com/concord-chat/concord/internal/store/sqlite/sqlite.go:251.67,255.16 3 1
github.com/concord-chat/concord/internal/store/sqlite/sqlite.go:255.16,257.3 1 0
github.com/concord-chat/concord/internal/store/sqlite/sqlite.go:259.2,260.16 2 1
github.com/concord-chat/concord/internal/store/sqlite/sqlite.go:260.16,262.3 1 0
github.com/concord-chat/concord/internal/store/sqlite/sqlite.go:264.2,264.34 1 1
github.com/concord-chat/concord/internal/store/sqlite/sqlite.go:268.66,282.16 7 1
github.com/concord-chat/concord/internal/store/sqlite/sqlite.go:282.16,289.3 2 0
github.com/concord-chat/concord/internal/store/sqlite/sqlite.go:291.2,297.12 2 1
github.com/concord-chat/concord/internal/store/sqlite/sqlite.go:301.69,305.16 3 1
github.com/concord-chat/concord/internal/store/sqlite/sqlite.go:305.16,307.3 1 0
github.com/concord-chat/concord/internal/store/sqlite/sqlite.go:308.2,311.18 3 1
github.com/concord-chat/concord/internal/store/sqlite/sqlite.go:311.18,313.44 2 1
github.com/concord-chat/concord/internal/store/sqlite/sqlite.go:313.44,315.4 1 0
github.com/concord-chat/concord/internal/store/sqlite/sqlite.go:316.3,316.36 1 1
github.com/concord-chat/concord/internal/store/sqlite/sqlite.go:319.2,319.35 1 1
github.com/concord-chat/concord/internal/store/sqlite/sqlite.go:319.35,321.3 1 0
github.com/concord-chat/concord/internal/store/sqlite/sqlite.go:323.2,323.45 1 1
github.com/concord-chat/concord/internal/store/sqlite/sqlite.go:323.45,325.3 1 1
github.com/concord-chat/concord/internal/store/sqlite/sqlite.go:325.8,329.3 1 0
github.com/concord-chat/concord/internal/store/sqlite/sqlite.go:331.2,331.21 1 1
github.com/concord-chat/concord/internal/store/sqlite/sqlite.go:337.80,339.16 2 1
github.com/concord-chat/concord/internal/store/sqlite/sqlite.go:339.16,341.3 1 0
github.com/concord-chat/concord/internal/store/sqlite/sqlite.go:343.2,343.15 1 1
github.com/concord-chat/concord/internal/store/sqlite/sqlite.go:343.15,344.31 1 1
github.com/concord-chat/concord/internal/store/sqlite/sqlite.go:344.31,346.12 2 0
github.com/concord-chat/concord/internal/store/sqlite/sqlite.go:350.2,350.31 1 1
github.com/concord-chat/concord/internal/store/sqlite/sqlite.go:350.31,351.43 1 1
github.com/concord-chat/concord/internal/store/sqlite/sqlite.go:351.43,355.4 1 0
github.com/concord-chat/concord/internal/store/sqlite/sqlite.go:356.3,356.13 1 1
github.com/concord-chat/concord/internal/store/sqlite/sqlite.go:359.2,359.36 1 1
github.com/concord-chat/concord/internal/store/sqlite/sqlite.go:359.36,361.3 1 0
github.com/concord-chat/concord/internal/store/sqlite/sqlite.go:363.2,363.12 1 1
github.com/concord-chat/concord/cmd/server/main.go:15.13,18.16 2 0
github.com/concord-chat/concord/cmd/server/main.go:18.16,21.3 2 0
github.com/concord-chat/concord/cmd/server/main.go:24.2,106.9 21 0
github.com/concord-chat/concord/cmd/server/main.go:107.28,108.52 1 0
github.com/concord-chat/concord/cmd/server/main.go:108.52,110.4 1 0
github.com/concord-chat/concord/cmd/server/main.go:111.20,112.42 1 0
github.com/concord-chat/concord/cmd/server/main.go:116.2,119.39 1 0
github.com/concord-chat/concord/cmd/concord/main.go:33.20,35.2 1 0
github.com/concord-chat/concord/cmd/concord/main.go:38.44,44.16 4 0
github.com/concord-chat/concord/cmd/concord/main.go:44.16,47.3 2 0
github.com/concord-chat/concord/cmd/concord/main.go:48.2,89.16 11 0
github.com/concord-chat/concord/cmd/concord/main.go:89.16,91.3 1 0
github.com/concord-chat/concord/cmd/concord/main.go:92.2,100.63 5 0
github.com/concord-chat/concord/cmd/concord/main.go:100.63,102.3 1 0
github.com/concord-chat/concord/cmd/concord/main.go:104.2,104.53 1 0
github.com/concord-chat/concord/cmd/concord/main.go:108.45,112.17 2 0
github.com/concord-chat/concord/cmd/concord/main.go:112.17,113.38 1 0
github.com/concord-chat/concord/cmd/concord/main.go:113.38,115.4 1 0
github.com/concord-chat/concord/cmd/concord/main.go:115.9,117.4 1 0
github.com/concord-chat/concord/cmd/concord/main.go:120.2,120.55 1 0
github.com/concord-chat/concord/cmd/concord/main.go:124.41,127.2 2 0
github.com/concord-chat/concord/cmd/concord/main.go:130.41,132.2 1 0
github.com/concord-chat/concord/cmd/concord/main.go:135.49,137.2 1 0
github.com/concord-chat/concord/cmd/concord/main.go:139.13,157.16 3 0
github.com/concord-chat/concord/cmd/concord/main.go:157.16,160.3 2 0
github.com/concord-chat/concord/internal/security/crypto.go:27.40,34.2 1 1
github.com/concord-chat/concord/internal/security/crypto.go:39.72,42.43 2 1
github.com/concord-chat/concord/internal/security/crypto.go:42.43,44.3 1 0
github.com/concord-chat/concord/internal/security/crypto.go:47.2,66.23 5 1
github.com/concord-chat/concord/internal/security/crypto.go:71.85,75.21 2 1
github.com/concord-chat/concord/internal/security/crypto.go:75.21,77.3 1 1
github.com/concord-chat/concord/internal/security/crypto.go:80.2,83.16 4 1
github.com/concord-chat/concord/internal/security/crypto.go:83.16,85.3 1 0
github.com/concord-chat/concord/internal/security/crypto.go:87.2,92.16 4 1
github.com/concord-chat/concord/internal/security/crypto.go:92.16,94.3 1 0
github.com/concord-chat/concord/internal/security/crypto.go:96.2,97.16 2 1
github.com/concord-chat/concord/internal/security/crypto.go:97.16,99.3 1 0
github.com/concord-chat/concord/internal/security/crypto.go:102.2,112.42 2 1
github.com/concord-chat/concord/internal/security/crypto.go:112.42,114.3 1 0
github.com/concord-chat/concord/internal/security/crypto.go:116.2,117.28 2 1
github.com/concord-chat/concord/internal/security/crypto.go:117.28,119.3 1 1
github.com/concord-chat/concord/internal/security/crypto.go:121.2,121.23 1 1
github.com/concord-chat/concord/internal/security/crypto.go:127.80,128.20 1 1
github.com/concord-chat/concord/internal/security/crypto.go:128.20,130.3 1 1
github.com/concord-chat/concord/internal/security/crypto.go:132.2,133.16 2 1
github.com/concord-chat/concord/internal/security/crypto.go:133.16,135.3 1 0
github.com/concord-chat/concord/internal/security/crypto.go:138.2,139.44 2 1
github.com/concord-chat/concord/internal/security/crypto.go:139.44,141.3 1 0
github.com/concord-chat/concord/internal/security/crypto.go:144.2,149.20 3 1
github.com/concord-chat/concord/internal/security/crypto.go:154.80,155.20 1 1
github.com/concord-chat/concord/internal/security/crypto.go:155.20,157.3 1 0
github.com/concord-chat/concord/internal/security/crypto.go:159.2,160.16 2 1
github.com/concord-chat/concord/internal/security/crypto.go:160.16,162.3 1 0
github.com/concord-chat/concord/internal/security/crypto.go:164.2,164.39 1 1
github.com/concord-chat/concord/internal/security/crypto.go:164.39,166.3 1 0
github.com/concord-chat/concord/internal/security/crypto.go:169.2,174.16 4 1
github.com/concord-chat/concord/internal/security/crypto.go:174.16,176.3 1 1
github.com/concord-chat/concord/internal/security/crypto.go:178.2,178.23 1 1
github.com/concord-chat/concord/internal/security/crypto.go:184.83,185.20 1 1
github.com/concord-chat/concord/internal/security/crypto.go:185.20,187.3 1 0
github.com/concord-chat/concord/internal/security/crypto.go:189.2,190.16 2 1
github.com/concord-chat/concord/internal/security/crypto.go:190.16,192.3 1 0
github.com/concord-chat/concord/internal/security/crypto.go:194.2,195.16 2 1
github.com/concord-chat/concord/internal/security/crypto.go:195.16,197.3 1 0
github.com/concord-chat/concord/internal/security/crypto.go:200.2,201.44 2 1
github.com/concord-chat/concord/internal/security/crypto.go:201.44,203.3 1 0
github.com/concord-chat/concord/internal/security/crypto.go:206.2,211.20 3 1
github.com/concord-chat/concord/internal/security/crypto.go:216.83,217.20 1 1
github.com/concord-chat/concord/internal/security/crypto.go:217.20,219.3 1 0
github.com/concord-chat/concord/internal/security/crypto.go:221.2,222.16 2 1
github.com/concord-chat/concord/internal/security/crypto.go:222.16,224.3 1 0
github.com/concord-chat/concord/internal/security/crypto.go:226.2,227.16 2 1
github.com/concord-chat/concord/internal/security/crypto.go:227.16,229.3 1 0
github.com/concord-chat/concord/internal/security/crypto.go:231.2,231.39 1 1
github.com/concord-chat/concord/internal/security/crypto.go:231.39,233.3 1 0
github.com/concord-chat/concord/internal/security/crypto.go:236.2,241.16 4 1
github.com/concord-chat/concord/internal/security/crypto.go:241.16,243.3 1 1
github.com/concord-chat/concord/internal/security/crypto.go:245.2,245.23 1 1
github.com/concord-chat/concord/internal/security/crypto.go:250.44,252.42 2 1
github.com/concord-chat/concord/internal/security/crypto.go:252.42,254.3 1 0
github.com/concord-chat/concord/internal/security/crypto.go:255.2,255.17 1 1
github.com/concord-chat/concord/internal/security/crypto.go:260.46,262.44 2 1
github.com/concord-chat/concord/internal/security/crypto.go:262.44,264.3 1 0
github.com/concord-chat/concord/internal/security/crypto.go:265.2,265.54 1 1
github.com/concord-chat/concord/internal/security/crypto.go:270.32,273.2 2 1
github.com/concord-chat/concord/internal/security/crypto.go:277.38,280.2 2 1
github.com/concord-chat/concord/internal/security/crypto.go:284.42,286.59 2 1
github.com/concord-chat/concord/internal/security/crypto.go:286.59,288.3 1 0
github.com/concord-chat/concord/internal/security/crypto.go:289.2,289.19 1 1
github.com/concord-chat/concord/internal/security/rate_limiter.go:33.82,46.2 3 1
github.com/concord-chat/concord/internal/security/rate_limiter.go:51.47,56.13 4 1
github.com/concord-chat/concord/internal/security/rate_limiter.go:56.13,66.3 4 1
github.com/concord-chat/concord/internal/security/rate_limiter.go:68.2,68.50 1 1
github.com/concord-chat/concord/internal/security/rate_limiter.go:73.55,74.12 1 1
github.com/concord-chat/concord/internal/security/rate_limiter.go:74.12,76.3 1 1
github.com/concord-chat/concord/internal/security/rate_limiter.go:78.2,82.13 4 1
github.com/concord-chat/concord/internal/security/rate_limiter.go:82.13,91.3 4 1
github.com/concord-chat/concord/internal/security/rate_limiter.go:93.2,93.54 1 1
github.com/concord-chat/concord/internal/security/rate_limiter.go:98.42,103.2 3 1
github.com/concord-chat/concord/internal/security/rate_limiter.go:106.76,117.25 7 1
github.com/concord-chat/concord/internal/security/rate_limiter.go:117.25,119.3 1 0
github.com/concord-chat/concord/internal/security/rate_limiter.go:121.2,124.18 2 1
github.com/concord-chat/concord/internal/security/rate_limiter.go:124.18,127.3 2 1
github.com/concord-chat/concord/internal/security/rate_limiter.go:129.2,129.14 1 1
github.com/concord-chat/concord/internal/security/rate_limiter.go:133.80,144.25 7 1
github.com/concord-chat/concord/internal/security/rate_limiter.go:144.25,146.3 1 0
github.com/concord-chat/concord/internal/security/rate_limiter.go:148.2,151.19 2 1
github.com/concord-chat/concord/internal/security/rate_limiter.go:151.19,154.3 2 1
github.com/concord-chat/concord/internal/security/rate_limiter.go:156.2,156.14 1 1
github.com/concord-chat/concord/internal/security/rate_limiter.go:161.34,165.21 3 1
github.com/concord-chat/concord/internal/security/rate_limiter.go:165.21,169.34 3 0
github.com/concord-chat/concord/internal/security/rate_limiter.go:169.34,171.37 2 0
github.com/concord-chat/concord/internal/security/rate_limiter.go:171.37,173.5 1 0
github.com/concord-chat/concord/internal/security/rate_limiter.go:174.4,174.17 1 0
github.com/concord-chat/concord/internal/security/rate_limiter.go:177.3,177.17 1 0
github.com/concord-chat/concord/internal/security/rate_limiter.go:202.96,214.2 3 1
github.com/concord-chat/concord/internal/security/rate_limiter.go:218.59,223.13 4 1
github.com/concord-chat/concord/internal/security/rate_limiter.go:223.13,232.3 4 1
github.com/concord-chat/concord/internal/security/rate_limiter.go:234.2,240.38 4 1
github.com/concord-chat/concord/internal/security/rate_limiter.go:240.38,242.34 2 1
github.com/concord-chat/concord/internal/security/rate_limiter.go:242.34,244.4 1 0
github.com/concord-chat/concord/internal/security/rate_limiter.go:245.3,245.51 1 1
github.com/concord-chat/concord/internal/security/rate_limiter.go:251.59,256.2 3 1
github.com/concord-chat/concord/internal/security/rate_limiter.go:261.84,266.13 4 1
github.com/concord-chat/concord/internal/security/rate_limiter.go:266.13,268.3 1 1
github.com/concord-chat/concord/internal/security/rate_limiter.go:270.2,276.35 4 1
github.com/concord-chat/concord/internal/security/rate_limiter.go:276.35,279.3 2 1
github.com/concord-chat/concord/internal/security/rate_limiter.go:282.2,282.70 1 1
github.com/concord-chat/concord/internal/security/rate_limiter.go:282.70,286.3 3 1
github.com/concord-chat/concord/internal/security/rate_limiter.go:288.2,288.21 1 1
github.com/concord-chat/concord/internal/security/rate_limiter.go:293.61,298.13 4 1
github.com/concord-chat/concord/internal/security/rate_limiter.go:298.13,300.3 1 1
github.com/concord-chat/concord/internal/security/rate_limiter.go:302.2,305.22 3 1
github.com/concord-chat/concord/internal/security/rate_limiter.go:309.43,313.21 3 1
github.com/concord-chat/concord/internal/security/rate_limiter.go:313.21,317.42 3 0
github.com/concord-chat/concord/internal/security/rate_limiter.go:317.42,319.47 2 0
github.com/concord-chat/concord/internal/security/rate_limiter.go:319.47,321.5 1 0
github.com/concord-chat/concord/internal/security/rate_limiter.go:322.4,322.23 1 0
github.com/concord-chat/concord/internal/security/rate_limiter.go:325.3,325.18 1 0
github.com/concord-chat/concord/internal/security/rate_limiter.go:332.76,333.6 1 1
github.com/concord-chat/concord/internal/security/rate_limiter.go:333.6,334.20 1 1
github.com/concord-chat/concord/internal/security/rate_limiter.go:334.20,336.4 1 1
github.com/concord-chat/concord/internal/security/rate_limiter.go:338.3,338.10 1 1
github.com/concord-chat/concord/internal/security/rate_limiter.go:339.21,340.20 1 1
github.com/concord-chat/concord/internal/security/rate_limiter.go:341.59,341.59 0 1
github.com/concord-chat/concord/internal/security/sanitizer.go:20.32,34.2 1 1
github.com/concord-chat/concord/internal/security/sanitizer.go:38.55,39.17 1 1
github.com/concord-chat/concord/internal/security/sanitizer.go:39.17,41.3 1 1
github.com/concord-chat/concord/internal/security/sanitizer.go:44.2,47.33 2 1
github.com/concord-chat/concord/internal/security/sanitizer.go:47.33,53.3 4 1
github.com/concord-chat/concord/internal/security/sanitizer.go:56.2,59.34 2 1
github.com/concord-chat/concord/internal/security/sanitizer.go:59.34,61.3 1 0
github.com/concord-chat/concord/internal/security/sanitizer.go:63.2,63.18 1 1
github.com/concord-chat/concord/internal/security/sanitizer.go:68.52,77.2 4 1
github.com/concord-chat/concord/internal/security/sanitizer.go:80.63,86.2 2 1
github.com/concord-chat/concord/internal/security/sanitizer.go:90.59,91.17 1 1
github.com/concord-chat/concord/internal/security/sanitizer.go:91.17,93.3 1 0
github.com/concord-chat/concord/internal/security/sanitizer.go:97.2,105.34 5 1
github.com/concord-chat/concord/internal/security/sanitizer.go:105.34,107.3 1 0
github.com/concord-chat/concord/internal/security/sanitizer.go:109.2,109.18 1 1
github.com/concord-chat/concord/internal/security/sanitizer.go:114.62,124.44 5 1
github.com/concord-chat/concord/internal/security/sanitizer.go:124.44,125.27 1 1
github.com/concord-chat/concord/internal/security/sanitizer.go:125.27,127.4 1 0
github.com/concord-chat/concord/internal/security/sanitizer.go:128.3,128.11 1 1
github.com/concord-chat/concord/internal/security/sanitizer.go:132.2,132.26 1 1
github.com/concord-chat/concord/internal/security/sanitizer.go:132.26,134.3 1 0
github.com/concord-chat/concord/internal/security/sanitizer.go:137.2,137.21 1 1
github.com/concord-chat/concord/internal/security/sanitizer.go:137.21,139.3 1 1
github.com/concord-chat/concord/internal/security/sanitizer.go:141.2,141.18 1 1
github.com/concord-chat/concord/internal/security/sanitizer.go:146.54,161.2 6 1
github.com/concord-chat/concord/internal/security/sanitizer.go:165.51,166.39 1 1
github.com/concord-chat/concord/internal/security/sanitizer.go:166.39,168.42 1 1
github.com/concord-chat/concord/internal/security/sanitizer.go:168.42,170.4 1 1
github.com/concord-chat/concord/internal/security/sanitizer.go:172.3,172.27 1 1
github.com/concord-chat/concord/internal/security/sanitizer.go:172.27,174.4 1 1
github.com/concord-chat/concord/internal/security/sanitizer.go:175.3,175.11 1 1
github.com/concord-chat/concord/internal/security/sanitizer.go:182.43,184.2 1 1
github.com/concord-chat/concord/internal/security/sanitizer.go:189.57,190.29 1 1
github.com/concord-chat/concord/internal/security/sanitizer.go:190.29,192.3 1 1
github.com/concord-chat/concord/internal/security/sanitizer.go:194.2,194.20 1 1
github.com/concord-chat/concord/internal/security/sanitizer.go:194.20,196.3 1 1
github.com/concord-chat/concord/internal/security/sanitizer.go:198.2,198.36 1 1
github.com/concord-chat/concord/internal/security/sanitizer.go:203.62,211.25 3 1
github.com/concord-chat/concord/internal/security/sanitizer.go:211.25,213.3 1 1
github.com/concord-chat/concord/internal/security/sanitizer.go:215.2,215.18 1 1
github.com/concord-chat/concord/internal/security/sanitizer.go:220.60,234.27 5 1
github.com/concord-chat/concord/internal/security/sanitizer.go:234.27,236.3 1 0
github.com/concord-chat/concord/internal/security/sanitizer.go:238.2,238.18 1 1
github.com/concord-chat/concord/internal/security/sanitizer.go:244.47,252.2 3 1
github.com/concord-chat/concord/internal/security/sanitizer.go:256.40,257.26 1 1
github.com/concord-chat/concord/internal/security/sanitizer.go:257.26,258.50 1 1
github.com/concord-chat/concord/internal/security/sanitizer.go:258.50,260.4 1 1
github.com/concord-chat/concord/internal/security/sanitizer.go:262.2,262.13 1 1
github.com/concord-chat/concord/internal/security/sanitizer.go:267.43,268.26 1 1
github.com/concord-chat/concord/internal/security/sanitizer.go:268.26,269.27 1 1
github.com/concord-chat/concord/internal/security/sanitizer.go:269.27,271.4 1 1
github.com/concord-chat/concord/internal/security/sanitizer.go:273.2,273.13 1 1
github.com/concord-chat/concord/internal/security/sanitizer.go:279.40,283.2 2 1
github.com/concord-chat/concord/internal/security/validation.go:24.32,30.2 1 1
github.com/concord-chat/concord/internal/security/validation.go:34.61,35.20 1 1
github.com/concord-chat/concord/internal/security/validation.go:35.20,37.3 1 1
github.com/concord-chat/concord/internal/security/validation.go:39.2,39.23 1 1
github.com/concord-chat/concord/internal/security/validation.go:39.23,41.3 1 1
github.com/concord-chat/concord/internal/security/validation.go:43.2,43.24 1 1
github.com/concord-chat/concord/internal/security/validation.go:43.24,45.3 1 1
github.com/concord-chat/concord/internal/security/validation.go:48.2,49.16 2 1
github.com/concord-chat/concord/internal/security/validation.go:49.16,51.3 1 0
github.com/concord-chat/concord/internal/security/validation.go:53.2,53.14 1 1
github.com/concord-chat/concord/internal/security/validation.go:53.14,55.3 1 1
github.com/concord-chat/concord/internal/security/validation.go:57.2,57.12 1 1
github.com/concord-chat/concord/internal/security/validation.go:62.55,63.17 1 1
github.com/concord-chat/concord/internal/security/validation.go:63.17,65.3 1 1
github.com/concord-chat/concord/internal/security/validation.go:67.2,67.22 1 1
github.com/concord-chat/concord/internal/security/validation.go:67.22,69.3 1 0
github.com/concord-chat/concord/internal/security/validation.go:73.2,74.36 2 1
github.com/concord-chat/concord/internal/security/validation.go:74.36,76.3 1 1
github.com/concord-chat/concord/internal/security/validation.go:78.2,78.12 1 1
github.com/concord-chat/concord/internal/security/validation.go:83.54,84.18 1 1
github.com/concord-chat/concord/internal/security/validation.go:84.18,86.3 1 1
github.com/concord-chat/concord/internal/security/validation.go:88.2,88.34 1 1
github.com/concord-chat/concord/internal/security/validation.go:88.34,90.3 1 0
github.com/concord-chat/concord/internal/security/validation.go:92.2,93.16 2 1
github.com/concord-chat/concord/internal/security/validation.go:93.16,95.3 1 0
github.com/concord-chat/concord/internal/security/validation.go:98.2,99.42 2 1
github.com/concord-chat/concord/internal/security/validation.go:99.42,100.33 1 1
github.com/concord-chat/concord/internal/security/validation.go:100.33,102.9 2 1
github.com/concord-chat/concord/internal/security/validation.go:106.2,106.20 1 1
github.com/concord-chat/concord/internal/security/validation.go:106.20,108.3 1 1
github.com/concord-chat/concord/internal/security/validation.go:111.2,111.32 1 1
github.com/concord-chat/concord/internal/security/validation.go:111.32,113.16 2 1
github.com/concord-chat/concord/internal/security/validation.go:113.16,114.23 1 1
github.com/concord-chat/concord/internal/security/validation.go:114.23,116.5 1 1
github.com/concord-chat/concord/internal/security/validation.go:120.2,120.12 1 1
github.com/concord-chat/concord/internal/security/validation.go:125.77,126.30 1 1
github.com/concord-chat/concord/internal/security/validation.go:126.30,128.3 1 0
github.com/concord-chat/concord/internal/security/validation.go:130.2,130.35 1 1
github.com/concord-chat/concord/internal/security/validation.go:130.35,132.3 1 1
github.com/concord-chat/concord/internal/security/validation.go:135.2,135.37 1 1
github.com/concord-chat/concord/internal/security/validation.go:135.37,137.3 1 1
github.com/concord-chat/concord/internal/security/validation.go:139.2,139.12 1 1
github.com/concord-chat/concord/internal/security/validation.go:144.60,145.16 1 1
github.com/concord-chat/concord/internal/security/validation.go:145.16,147.3 1 1
github.com/concord-chat/concord/internal/security/validation.go:149.2,149.19 1 1
github.com/concord-chat/concord/internal/security/validation.go:149.19,151.3 1 1
github.com/concord-chat/concord/internal/security/validation.go:153.2,153.20 1 1
github.com/concord-chat/concord/internal/security/validation.go:153.20,155.3 1 1
github.com/concord-chat/concord/internal/security/validation.go:158.2,159.16 2 1
github.com/concord-chat/concord/internal/security/validation.go:159.16,161.3 1 0
github.com/concord-chat/concord/internal/security/validation.go:163.2,163.14 1 1
github.com/concord-chat/concord/internal/security/validation.go:163.14,165.3 1 1
github.com/concord-chat/concord/internal/security/validation.go:167.2,167.12 1 1
github.com/concord-chat/concord/internal/security/validation.go:172.59,173.16 1 1
github.com/concord-chat/concord/internal/security/validation.go:173.16,175.3 1 1
github.com/concord-chat/concord/internal/security/validation.go:177.2,177.19 1 1
github.com/concord-chat/concord/internal/security/validation.go:177.19,179.3 1 1
github.com/concord-chat/concord/internal/security/validation.go:181.2,181.21 1 1
github.com/concord-chat/concord/internal/security/validation.go:181.21,183.3 1 0
github.com/concord-chat/concord/internal/security/validation.go:185.2,185.29 1 1
github.com/concord-chat/concord/internal/security/validation.go:185.29,187.3 1 0
github.com/concord-chat/concord/internal/security/validation.go:190.2,190.25 1 1
github.com/concord-chat/concord/internal/security/validation.go:190.25,191.52 1 1
github.com/concord-chat/concord/internal/security/validation.go:191.52,193.4 1 1
github.com/concord-chat/concord/internal/security/validation.go:196.2,196.12 1 1
github.com/concord-chat/concord/internal/security/validation.go:201.94,202.20 1 1
github.com/concord-chat/concord/internal/security/validation.go:202.20,204.3 1 1
github.com/concord-chat/concord/internal/security/validation.go:207.2,208.20 2 1
github.com/concord-chat/concord/internal/security/validation.go:208.20,210.3 1 1
github.com/concord-chat/concord/internal/security/validation.go:212.2,215.44 2 1
github.com/concord-chat/concord/internal/security/validation.go:215.44,216.38 1 1
github.com/concord-chat/concord/internal/security/validation.go:216.38,218.4 1 1
github.com/concord-chat/concord/internal/security/validation.go:221.2,221.61 1 1
github.com/concord-chat/concord/internal/security/validation.go:226.34,228.21 1 1
github.com/concord-chat/concord/internal/security/validation.go:228.21,230.3 1 1
github.com/concord-chat/concord/internal/security/validation.go:233.2,233.58 1 1
github.com/concord-chat/concord/internal/security/validation.go:233.58,235.3 1 0
github.com/concord-chat/concord/internal/security/validation.go:238.2,247.37 2 1
github.com/concord-chat/concord/internal/security/validation.go:247.37,249.43 2 1
github.com/concord-chat/concord/internal/security/validation.go:249.43,251.4 1 1
github.com/concord-chat/concord/internal/security/validation.go:254.2,254.14 1 1
github.com/concord-chat/concord/internal/security/validation.go:261.39,267.2 3 1
github.com/concord-chat/concord/internal/security/validation.go:272.45,281.38 3 1
github.com/concord-chat/concord/internal/security/validation.go:281.38,282.44 1 1
github.com/concord-chat/concord/internal/security/validation.go:282.44,284.4 1 1
github.com/concord-chat/concord/internal/security/validation.go:287.2,287.14 1 1
github.com/concord-chat/concord/pkg/version/version.go:38.17,46.2 1 0
github.com/concord-chat/concord/pkg/version/version.go:49.31,58.2 1 0
github.com/concord-chat/concord/pkg/version/version.go:61.30,63.2 1 0
